13-May-2024 16:08:12.267 INFORMAÇÕES [main] jdk.internal.reflect.NativeMethodAccessorImpl.invoke Server version name:   Apache Tomcat (TomEE)/9.0.82 (8.0.16)
13-May-2024 16:08:12.268 INFORMAÇÕES [main] jdk.internal.reflect.NativeMethodAccessorImpl.invoke Server built:          Oct 11 2023 13:15:08 UTC
13-May-2024 16:08:12.268 INFORMAÇÕES [main] jdk.internal.reflect.NativeMethodAccessorImpl.invoke Server version number: 9.0.82.0
13-May-2024 16:08:12.269 INFORMAÇÕES [main] jdk.internal.reflect.NativeMethodAccessorImpl.invoke OS Name:               Windows 10
13-May-2024 16:08:12.269 INFORMAÇÕES [main] jdk.internal.reflect.NativeMethodAccessorImpl.invoke OS Version:            10.0
13-May-2024 16:08:12.269 INFORMAÇÕES [main] jdk.internal.reflect.NativeMethodAccessorImpl.invoke Architecture:          amd64
13-May-2024 16:08:12.269 INFORMAÇÕES [main] jdk.internal.reflect.NativeMethodAccessorImpl.invoke Java Home:             C:\DEV\jdks\jdk17
13-May-2024 16:08:12.269 INFORMAÇÕES [main] jdk.internal.reflect.NativeMethodAccessorImpl.invoke JVM Version:           17.0.10+7
13-May-2024 16:08:12.269 INFORMAÇÕES [main] jdk.internal.reflect.NativeMethodAccessorImpl.invoke JVM Vendor:            Eclipse Adoptium
13-May-2024 16:08:12.269 INFORMAÇÕES [main] jdk.internal.reflect.NativeMethodAccessorImpl.invoke CATALINA_BASE:         D:\fernando.projetos\virtual-lab\devframework\.distribution\apache-tomee
13-May-2024 16:08:12.270 INFORMAÇÕES [main] jdk.internal.reflect.NativeMethodAccessorImpl.invoke CATALINA_HOME:         D:\fernando.projetos\virtual-lab\devframework\.distribution\apache-tomee
13-May-2024 16:08:12.284 INFORMAÇÕES [main] jdk.internal.reflect.NativeMethodAccessorImpl.invoke Command line argument: --add-opens=java.base/java.lang=ALL-UNNAMED
13-May-2024 16:08:12.284 INFORMAÇÕES [main] jdk.internal.reflect.NativeMethodAccessorImpl.invoke Command line argument: --add-opens=java.base/java.io=ALL-UNNAMED
13-May-2024 16:08:12.284 INFORMAÇÕES [main] jdk.internal.reflect.NativeMethodAccessorImpl.invoke Command line argument: --add-opens=java.base/java.util=ALL-UNNAMED
13-May-2024 16:08:12.284 INFORMAÇÕES [main] jdk.internal.reflect.NativeMethodAccessorImpl.invoke Command line argument: --add-opens=java.base/java.util.concurrent=ALL-UNNAMED
13-May-2024 16:08:12.285 INFORMAÇÕES [main] jdk.internal.reflect.NativeMethodAccessorImpl.invoke Command line argument: --add-opens=java.rmi/sun.rmi.transport=ALL-UNNAMED
13-May-2024 16:08:12.285 INFORMAÇÕES [main] jdk.internal.reflect.DelegatingMethodAccessorImpl.invoke Command line argument: -Djava.util.logging.config.file=D:\fernando.projetos\virtual-lab\devframework\.distribution\apache-tomee\conf\logging.properties
13-May-2024 16:08:12.286 INFORMAÇÕES [main] jdk.internal.reflect.DelegatingMethodAccessorImpl.invoke Command line argument: -Djava.util.logging.manager=org.apache.juli.ClassLoaderLogManager
13-May-2024 16:08:12.286 INFORMAÇÕES [main] jdk.internal.reflect.DelegatingMethodAccessorImpl.invoke Command line argument: -javaagent:D:\fernando.projetos\virtual-lab\devframework\.distribution\apache-tomee\lib\openejb-javaagent.jar
13-May-2024 16:08:12.286 INFORMAÇÕES [main] jdk.internal.reflect.DelegatingMethodAccessorImpl.invoke Command line argument: -Djdk.tls.ephemeralDHKeySize=2048
13-May-2024 16:08:12.286 INFORMAÇÕES [main] jdk.internal.reflect.DelegatingMethodAccessorImpl.invoke Command line argument: -Djava.protocol.handler.pkgs=org.apache.catalina.webresources
13-May-2024 16:08:12.286 INFORMAÇÕES [main] jdk.internal.reflect.DelegatingMethodAccessorImpl.invoke Command line argument: -Dorg.apache.catalina.STRICT_SERVLET_COMPLIANCE=false
13-May-2024 16:08:12.286 INFORMAÇÕES [main] jdk.internal.reflect.DelegatingMethodAccessorImpl.invoke Command line argument: -Dopenejb.session.manager=org.apache.tomee.catalina.session.QuickSessionManager
13-May-2024 16:08:12.286 INFORMAÇÕES [main] jdk.internal.reflect.DelegatingMethodAccessorImpl.invoke Command line argument: -Dtomee.remote.support=true
13-May-2024 16:08:12.287 INFORMAÇÕES [main] jdk.internal.reflect.DelegatingMethodAccessorImpl.invoke Command line argument: -Dopenejb.system.apps=false
13-May-2024 16:08:12.287 INFORMAÇÕES [main] jdk.internal.reflect.DelegatingMethodAccessorImpl.invoke Command line argument: -Dfile.encoding=UTF-8
13-May-2024 16:08:12.287 INFORMAÇÕES [main] jdk.internal.reflect.DelegatingMethodAccessorImpl.invoke Command line argument: --add-opens=querybuilder.core/java.net=ALL-UNNAMED
13-May-2024 16:08:12.287 INFORMAÇÕES [main] jdk.internal.reflect.DelegatingMethodAccessorImpl.invoke Command line argument: --add-opens=querybuilder.jpa1/java.net=ALL-UNNAMED
13-May-2024 16:08:12.287 INFORMAÇÕES [main] jdk.internal.reflect.DelegatingMethodAccessorImpl.invoke Command line argument: --add-opens=java.base/java.net=ALL-UNNAMED
13-May-2024 16:08:12.287 INFORMAÇÕES [main] jdk.internal.reflect.DelegatingMethodAccessorImpl.invoke Command line argument: --add-opens=java.base/java.lang.ref=ALL-UNNAMED
13-May-2024 16:08:12.287 INFORMAÇÕES [main] jdk.internal.reflect.DelegatingMethodAccessorImpl.invoke Command line argument: --add-opens=java.base/java.lang=ALL-UNNAMED
13-May-2024 16:08:12.287 INFORMAÇÕES [main] jdk.internal.reflect.DelegatingMethodAccessorImpl.invoke Command line argument: --add-opens=java.base/java.security=ALL-UNNAMED
13-May-2024 16:08:12.287 INFORMAÇÕES [main] jdk.internal.reflect.DelegatingMethodAccessorImpl.invoke Command line argument: --add-opens=java.base/java.util=ALL-UNNAMED
13-May-2024 16:08:12.287 INFORMAÇÕES [main] jdk.internal.reflect.DelegatingMethodAccessorImpl.invoke Command line argument: --add-opens=java.base/java.nio=ALL-UNNAMED
13-May-2024 16:08:12.287 INFORMAÇÕES [main] jdk.internal.reflect.DelegatingMethodAccessorImpl.invoke Command line argument: --add-exports=java.base/sun.reflect.annotation=ALL-UNNAMED
13-May-2024 16:08:12.287 INFORMAÇÕES [main] jdk.internal.reflect.DelegatingMethodAccessorImpl.invoke Command line argument: --add-opens=java.prefs/java.util.prefs=ALL-UNNAMED
13-May-2024 16:08:12.288 INFORMAÇÕES [main] jdk.internal.reflect.DelegatingMethodAccessorImpl.invoke Command line argument: --add-opens=java.desktop/javax.swing.plaf.basic=ALL-UNNAMED
13-May-2024 16:08:12.288 INFORMAÇÕES [main] jdk.internal.reflect.DelegatingMethodAccessorImpl.invoke Command line argument: --add-opens=java.desktop/javax.swing.text=ALL-UNNAMED
13-May-2024 16:08:12.288 INFORMAÇÕES [main] jdk.internal.reflect.DelegatingMethodAccessorImpl.invoke Command line argument: --add-opens=java.desktop/javax.swing=ALL-UNNAMED
13-May-2024 16:08:12.288 INFORMAÇÕES [main] jdk.internal.reflect.DelegatingMethodAccessorImpl.invoke Command line argument: --add-opens=java.desktop/java.awt=ALL-UNNAMED
13-May-2024 16:08:12.288 INFORMAÇÕES [main] jdk.internal.reflect.DelegatingMethodAccessorImpl.invoke Command line argument: --add-opens=java.desktop/java.awt.event=ALL-UNNAMED
13-May-2024 16:08:12.288 INFORMAÇÕES [main] jdk.internal.reflect.DelegatingMethodAccessorImpl.invoke Command line argument: --add-opens=java.desktop/sun.awt.X11=ALL-UNNAMED
13-May-2024 16:08:12.288 INFORMAÇÕES [main] jdk.internal.reflect.DelegatingMethodAccessorImpl.invoke Command line argument: --add-opens=java.desktop/javax.swing.plaf.synth=ALL-UNNAMED
13-May-2024 16:08:12.288 INFORMAÇÕES [main] jdk.internal.reflect.DelegatingMethodAccessorImpl.invoke Command line argument: --add-opens=java.desktop/com.sun.java.swing.plaf.gtk=ALL-UNNAMED
13-May-2024 16:08:12.288 INFORMAÇÕES [main] jdk.internal.reflect.DelegatingMethodAccessorImpl.invoke Command line argument: --add-opens=java.desktop/sun.awt.shell=ALL-UNNAMED
13-May-2024 16:08:12.288 INFORMAÇÕES [main] jdk.internal.reflect.DelegatingMethodAccessorImpl.invoke Command line argument: --add-opens=java.desktop/sun.awt.im=ALL-UNNAMED
13-May-2024 16:08:12.288 INFORMAÇÕES [main] jdk.internal.reflect.DelegatingMethodAccessorImpl.invoke Command line argument: --add-exports=java.desktop/sun.awt=ALL-UNNAMED
13-May-2024 16:08:12.288 INFORMAÇÕES [main] jdk.internal.reflect.DelegatingMethodAccessorImpl.invoke Command line argument: --add-exports=java.desktop/java.awt.peer=ALL-UNNAMED
13-May-2024 16:08:12.288 INFORMAÇÕES [main] jdk.internal.reflect.DelegatingMethodAccessorImpl.invoke Command line argument: --add-exports=java.desktop/com.sun.beans.editors=ALL-UNNAMED
13-May-2024 16:08:12.289 INFORMAÇÕES [main] jdk.internal.reflect.DelegatingMethodAccessorImpl.invoke Command line argument: --add-exports=java.desktop/sun.swing=ALL-UNNAMED
13-May-2024 16:08:12.289 INFORMAÇÕES [main] jdk.internal.reflect.DelegatingMethodAccessorImpl.invoke Command line argument: --add-exports=java.desktop/sun.awt.im=ALL-UNNAMED
13-May-2024 16:08:12.289 INFORMAÇÕES [main] jdk.internal.reflect.DelegatingMethodAccessorImpl.invoke Command line argument: --add-exports=java.desktop/com.sun.java.swing.plaf.motif=ALL-UNNAMED
13-May-2024 16:08:12.289 INFORMAÇÕES [main] jdk.internal.reflect.DelegatingMethodAccessorImpl.invoke Command line argument: --add-exports=java.desktop/com.apple.eio=ALL-UNNAMED
13-May-2024 16:08:12.289 INFORMAÇÕES [main] jdk.internal.reflect.DelegatingMethodAccessorImpl.invoke Command line argument: --add-opens=jdk.compiler/com.sun.tools.javac.api=ALL-UNNAMED
13-May-2024 16:08:12.289 INFORMAÇÕES [main] jdk.internal.reflect.DelegatingMethodAccessorImpl.invoke Command line argument: --add-opens=jdk.compiler/com.sun.tools.javac.code=ALL-UNNAMED
13-May-2024 16:08:12.289 INFORMAÇÕES [main] jdk.internal.reflect.DelegatingMethodAccessorImpl.invoke Command line argument: --add-opens=jdk.compiler/com.sun.tools.javac.comp=ALL-UNNAMED
13-May-2024 16:08:12.289 INFORMAÇÕES [main] jdk.internal.reflect.DelegatingMethodAccessorImpl.invoke Command line argument: --add-opens=jdk.compiler/com.sun.tools.javac.file=ALL-UNNAMED
13-May-2024 16:08:12.289 INFORMAÇÕES [main] jdk.internal.reflect.DelegatingMethodAccessorImpl.invoke Command line argument: --add-opens=jdk.compiler/com.sun.tools.javac.jvm=ALL-UNNAMED
13-May-2024 16:08:12.289 INFORMAÇÕES [main] jdk.internal.reflect.DelegatingMethodAccessorImpl.invoke Command line argument: --add-opens=jdk.compiler/com.sun.tools.javac.main=ALL-UNNAMED
13-May-2024 16:08:12.290 INFORMAÇÕES [main] jdk.internal.reflect.DelegatingMethodAccessorImpl.invoke Command line argument: --add-opens=jdk.compiler/com.sun.tools.javac.model=ALL-UNNAMED
13-May-2024 16:08:12.290 INFORMAÇÕES [main] jdk.internal.reflect.DelegatingMethodAccessorImpl.invoke Command line argument: --add-opens=jdk.compiler/com.sun.tools.javac.parser=ALL-UNNAMED
13-May-2024 16:08:12.290 INFORMAÇÕES [main] jdk.internal.reflect.DelegatingMethodAccessorImpl.invoke Command line argument: --add-opens=jdk.compiler/com.sun.tools.javac.processing=ALL-UNNAMED
13-May-2024 16:08:12.290 INFORMAÇÕES [main] jdk.internal.reflect.DelegatingMethodAccessorImpl.invoke Command line argument: --add-opens=jdk.compiler/com.sun.tools.javac.tree=ALL-UNNAMED
13-May-2024 16:08:12.290 INFORMAÇÕES [main] jdk.internal.reflect.DelegatingMethodAccessorImpl.invoke Command line argument: --add-opens=jdk.compiler/com.sun.tools.javac.util=ALL-UNNAMED
13-May-2024 16:08:12.290 INFORMAÇÕES [main] jdk.internal.reflect.DelegatingMethodAccessorImpl.invoke Command line argument: --add-exports=jdk.compiler/com.sun.tools.javac.api=ALL-UNNAMED
13-May-2024 16:08:12.290 INFORMAÇÕES [main] jdk.internal.reflect.DelegatingMethodAccessorImpl.invoke Command line argument: --add-exports=jdk.compiler/com.sun.tools.javac.code=ALL-UNNAMED
13-May-2024 16:08:12.290 INFORMAÇÕES [main] jdk.internal.reflect.DelegatingMethodAccessorImpl.invoke Command line argument: --add-exports=jdk.compiler/com.sun.tools.javac.comp=ALL-UNNAMED
13-May-2024 16:08:12.290 INFORMAÇÕES [main] jdk.internal.reflect.DelegatingMethodAccessorImpl.invoke Command line argument: --add-exports=jdk.compiler/com.sun.tools.javac.file=ALL-UNNAMED
13-May-2024 16:08:12.290 INFORMAÇÕES [main] jdk.internal.reflect.DelegatingMethodAccessorImpl.invoke Command line argument: --add-exports=jdk.compiler/com.sun.tools.javac.jvm=ALL-UNNAMED
13-May-2024 16:08:12.291 INFORMAÇÕES [main] jdk.internal.reflect.DelegatingMethodAccessorImpl.invoke Command line argument: --add-exports=jdk.compiler/com.sun.tools.javac.main=ALL-UNNAMED
13-May-2024 16:08:12.291 INFORMAÇÕES [main] jdk.internal.reflect.DelegatingMethodAccessorImpl.invoke Command line argument: --add-exports=jdk.compiler/com.sun.tools.javac.model=ALL-UNNAMED
13-May-2024 16:08:12.291 INFORMAÇÕES [main] jdk.internal.reflect.DelegatingMethodAccessorImpl.invoke Command line argument: --add-exports=jdk.compiler/com.sun.tools.javac.parser=ALL-UNNAMED
13-May-2024 16:08:12.291 INFORMAÇÕES [main] jdk.internal.reflect.DelegatingMethodAccessorImpl.invoke Command line argument: --add-exports=jdk.compiler/com.sun.tools.javac.processing=ALL-UNNAMED
13-May-2024 16:08:12.291 INFORMAÇÕES [main] jdk.internal.reflect.DelegatingMethodAccessorImpl.invoke Command line argument: --add-exports=jdk.compiler/com.sun.tools.javac.tree=ALL-UNNAMED
13-May-2024 16:08:12.291 INFORMAÇÕES [main] jdk.internal.reflect.DelegatingMethodAccessorImpl.invoke Command line argument: --add-exports=jdk.compiler/com.sun.tools.javac.util=ALL-UNNAMED
13-May-2024 16:08:12.291 INFORMAÇÕES [main] jdk.internal.reflect.DelegatingMethodAccessorImpl.invoke Command line argument: --add-modules=jdk.jshell
13-May-2024 16:08:12.291 INFORMAÇÕES [main] jdk.internal.reflect.DelegatingMethodAccessorImpl.invoke Command line argument: --add-opens=jdk.jshell/jdk.jshell=ALL-UNNAMED
13-May-2024 16:08:12.291 INFORMAÇÕES [main] jdk.internal.reflect.DelegatingMethodAccessorImpl.invoke Command line argument: --add-exports=jdk.jdeps/com.sun.tools.classfile=ALL-UNNAMED
13-May-2024 16:08:12.291 INFORMAÇÕES [main] jdk.internal.reflect.DelegatingMethodAccessorImpl.invoke Command line argument: --add-exports=jdk.jdeps/com.sun.tools.javap=ALL-UNNAMED
13-May-2024 16:08:12.291 INFORMAÇÕES [main] jdk.internal.reflect.DelegatingMethodAccessorImpl.invoke Command line argument: --add-exports=jdk.internal.jvmstat/sun.jvmstat.monitor=ALL-UNNAMED
13-May-2024 16:08:12.292 INFORMAÇÕES [main] jdk.internal.reflect.DelegatingMethodAccessorImpl.invoke Command line argument: --add-exports=jdk.internal.opt/jdk.internal.opt=ALL-UNNAMED
13-May-2024 16:08:12.292 INFORMAÇÕES [main] jdk.internal.reflect.DelegatingMethodAccessorImpl.invoke Command line argument: --add-exports=java.management/sun.management=ALL-UNNAMED
13-May-2024 16:08:12.292 INFORMAÇÕES [main] jdk.internal.reflect.DelegatingMethodAccessorImpl.invoke Command line argument: -Dtomee.noshutdownhook=true
13-May-2024 16:08:12.292 INFORMAÇÕES [main] jdk.internal.reflect.DelegatingMethodAccessorImpl.invoke Command line argument: -Dtomee.jsp-development=true
13-May-2024 16:08:12.292 INFORMAÇÕES [main] jdk.internal.reflect.DelegatingMethodAccessorImpl.invoke Command line argument: -Dignore.endorsed.dirs=
13-May-2024 16:08:12.292 INFORMAÇÕES [main] jdk.internal.reflect.DelegatingMethodAccessorImpl.invoke Command line argument: -Dcatalina.base=D:\fernando.projetos\virtual-lab\devframework\.distribution\apache-tomee
13-May-2024 16:08:12.292 INFORMAÇÕES [main] jdk.internal.reflect.DelegatingMethodAccessorImpl.invoke Command line argument: -Dcatalina.home=D:\fernando.projetos\virtual-lab\devframework\.distribution\apache-tomee
13-May-2024 16:08:12.292 INFORMAÇÕES [main] jdk.internal.reflect.DelegatingMethodAccessorImpl.invoke Command line argument: -Djava.io.tmpdir=D:\fernando.projetos\virtual-lab\devframework\.distribution\apache-tomee\temp
13-May-2024 16:08:12.310 INFORMAÇÕES [main] jdk.internal.reflect.DelegatingMethodAccessorImpl.invoke The Apache Tomcat Native library which allows using OpenSSL was not found on the java.library.path: [C:\DEV\jdks\jdk17\bin;C:\Windows\Sun\Java\bin;C:\Windows\system32;C:\Windows;C:\DEV\cmder\vendor\conemu-maximus5\ConEmu\Scripts;C:\DEV\cmder\vendor\conemu-maximus5;C:\DEV\cmder\vendor\conemu-maximus5\ConEmu;C:\Program Files (x86)\Intel\iCLS Client\;C:\Program Files\Intel\iCLS Client\;C:\Windows\system32;C:\Windows;C:\Windows\System32\Wbem;C:\Windows\System32\WindowsPowerShell\v1.0\;C:\Windows\System32\OpenSSH\;C:\Program Files\Intel\Intel(R) Management Engine Components\DAL;C:\Program Files (x86)\Intel\Intel(R) Management Engine Components\DAL;C:\Program Files\Intel\Intel(R) Management Engine Components\IPT;C:\Program Files (x86)\Intel\Intel(R) Management Engine Components\IPT;C:\Program Files\Git\cmd;C:\DEV\Gpg4win\..\GnuPG\bin;C:\Users\fernando.pereira\AppData\Local\Microsoft\WindowsApps;C:\DEV\git-scm\bin;C:\DEV\jdks\jdk17\bin;C:\DEV\wildfly\bin;C:\DEV\netbeans\bin;C:\DEV\nodejs;C:\DEV\netbeans\java\maven\bin;C:\DEV\gradle\bin;C:\DEV\GnuPG\bin;C:\Program Files\Git\mingw64\bin;C:\Program Files\Git\usr\bin;C:\DEV\cmder\vendor\bin;C:\DEV\cmder;.]
13-May-2024 16:08:12.652 INFORMAÇÕES [main] jdk.internal.reflect.DelegatingMethodAccessorImpl.invoke Initializing ProtocolHandler ["http-nio-8080"]
13-May-2024 16:08:12.940 INFORMAÇÕES [main] org.apache.openejb.util.OptionsLog.info Using 'tomee.remote.support=true'
13-May-2024 16:08:12.951 INFORMAÇÕES [main] org.apache.openejb.util.OptionsLog.info Using 'openejb.jdbc.datasource-creator=org.apache.tomee.jdbc.TomEEDataSourceCreator'
13-May-2024 16:08:13.040 INFORMAÇÕES [main] org.apache.openejb.OpenEJB$Instance.<init> ********************************************************************************
13-May-2024 16:08:13.040 INFORMAÇÕES [main] org.apache.openejb.OpenEJB$Instance.<init> OpenEJB https://tomee.apache.org/
13-May-2024 16:08:13.041 INFORMAÇÕES [main] org.apache.openejb.OpenEJB$Instance.<init> Startup: Mon May 13 16:08:13 BRT 2024
13-May-2024 16:08:13.041 INFORMAÇÕES [main] org.apache.openejb.OpenEJB$Instance.<init> Copyright 1999-2023 (C) Apache TomEE Project, All Rights Reserved.
13-May-2024 16:08:13.041 INFORMAÇÕES [main] org.apache.openejb.OpenEJB$Instance.<init> Version: 8.0.16
13-May-2024 16:08:13.041 INFORMAÇÕES [main] org.apache.openejb.OpenEJB$Instance.<init> Build date: 20231029
13-May-2024 16:08:13.041 INFORMAÇÕES [main] org.apache.openejb.OpenEJB$Instance.<init> Build time: 12:20
13-May-2024 16:08:13.041 INFORMAÇÕES [main] org.apache.openejb.OpenEJB$Instance.<init> ********************************************************************************
13-May-2024 16:08:13.041 INFORMAÇÕES [main] org.apache.openejb.OpenEJB$Instance.<init> openejb.home = D:\fernando.projetos\virtual-lab\devframework\.distribution\apache-tomee
13-May-2024 16:08:13.041 INFORMAÇÕES [main] org.apache.openejb.OpenEJB$Instance.<init> openejb.base = D:\fernando.projetos\virtual-lab\devframework\.distribution\apache-tomee
13-May-2024 16:08:13.043 INFORMAÇÕES [main] org.apache.openejb.cdi.CdiBuilder.initializeOWB Created new singletonService org.apache.openejb.cdi.ThreadSingletonServiceImpl@22f31dec
13-May-2024 16:08:13.046 INFORMAÇÕES [main] org.apache.openejb.cdi.CdiBuilder.initializeOWB Succeeded in installing singleton service
13-May-2024 16:08:13.071 INFORMAÇÕES [main] org.apache.openejb.config.ConfigurationFactory.init TomEE configuration file is 'D:\fernando.projetos\virtual-lab\devframework\.distribution\apache-tomee\conf\tomee.xml'
13-May-2024 16:08:13.107 INFORMAÇÕES [main] org.apache.openejb.config.ConfigurationFactory.configureService Configuring Service(id=Tomcat Security Service, type=SecurityService, provider-id=Tomcat Security Service)
13-May-2024 16:08:13.109 INFORMAÇÕES [main] org.apache.openejb.config.ConfigurationFactory.configureService Configuring Service(id=Default Transaction Manager, type=TransactionManager, provider-id=Default Transaction Manager)
13-May-2024 16:08:13.112 INFORMAÇÕES [main] org.apache.openejb.util.OptionsLog.info Using 'openejb.system.apps=false'
13-May-2024 16:08:13.112 INFORMAÇÕES [main] org.apache.openejb.util.OptionsLog.info Using 'openejb.deployments.classpath=false'
13-May-2024 16:08:13.114 INFORMAÇÕES [main] org.apache.openejb.assembler.classic.Assembler.createRecipe Creating TransactionManager(id=Default Transaction Manager)
13-May-2024 16:08:13.193 INFORMAÇÕES [main] org.apache.openejb.assembler.classic.Assembler.createRecipe Creating SecurityService(id=Tomcat Security Service)
13-May-2024 16:08:13.282 INFORMAÇÕES [main] org.apache.openejb.server.ServiceManager.initServer Creating ServerService(id=cxf-rs)
13-May-2024 16:08:13.523 INFORMAÇÕES [main] org.apache.openejb.server.SimpleServiceManager.start   ** Bound Services **
13-May-2024 16:08:13.523 INFORMAÇÕES [main] org.apache.openejb.server.SimpleServiceManager.printRow   NAME                 IP              PORT  
13-May-2024 16:08:13.523 INFORMAÇÕES [main] org.apache.openejb.server.SimpleServiceManager.start -------
13-May-2024 16:08:13.524 INFORMAÇÕES [main] org.apache.openejb.server.SimpleServiceManager.start Ready!
13-May-2024 16:08:13.524 INFORMAÇÕES [main] org.apache.openejb.util.OptionsLog.info Using 'tomee.noshutdownhook=true'
13-May-2024 16:08:13.524 INFORMAÇÕES [main] jdk.internal.reflect.DelegatingMethodAccessorImpl.invoke Server initialization in [1515] milliseconds
13-May-2024 16:08:13.578 INFORMAÇÕES [main] org.apache.tomee.catalina.OpenEJBNamingContextListener.bindResource Importing a Tomcat Resource with id 'UserDatabase' of type 'org.apache.catalina.UserDatabase'.
13-May-2024 16:08:13.578 INFORMAÇÕES [main] org.apache.openejb.assembler.classic.Assembler.createRecipe Creating Resource(id=UserDatabase)
13-May-2024 16:08:13.596 INFORMAÇÕES [main] jdk.internal.reflect.DelegatingMethodAccessorImpl.invoke Starting service [Catalina]
13-May-2024 16:08:13.596 INFORMAÇÕES [main] jdk.internal.reflect.DelegatingMethodAccessorImpl.invoke Starting Servlet engine: [Apache Tomcat (TomEE)/9.0.82 (8.0.16)]
13-May-2024 16:08:13.619 INFORMAÇÕES [main] jdk.internal.reflect.DelegatingMethodAccessorImpl.invoke Deploying web application archive [D:\fernando.projetos\virtual-lab\devframework\.distribution\apache-tomee\webapps\virtuallab.war]
13-May-2024 16:08:13.625 INFORMAÇÕES [main] org.apache.tomee.catalina.TomcatWebAppBuilder.init ------------------------- localhost -> /virtuallab
13-May-2024 16:08:13.626 INFORMAÇÕES [main] org.apache.openejb.util.JarExtractor.extract Extracting jar: D:\fernando.projetos\virtual-lab\devframework\.distribution\apache-tomee\webapps\virtuallab.war
13-May-2024 16:08:15.328 INFORMAÇÕES [main] org.apache.openejb.util.JarExtractor.extract Extracted path: D:\fernando.projetos\virtual-lab\devframework\.distribution\apache-tomee\webapps\virtuallab
13-May-2024 16:08:15.329 INFORMAÇÕES [main] org.apache.openejb.util.OptionsLog.info Using 'openejb.session.manager=org.apache.tomee.catalina.session.QuickSessionManager'
13-May-2024 16:08:20.624 INFORMAÇÕES [main] org.apache.openejb.config.ConfigurationFactory.configureApplication Configuring enterprise application: D:\fernando.projetos\virtual-lab\devframework\.distribution\apache-tomee\webapps\virtuallab
13-May-2024 16:08:21.099 INFORMAÇÕES [main] org.apache.openejb.config.ConfigurationFactory.configureService Configuring Service(id=Default Managed Container, type=Container, provider-id=Default Managed Container)
13-May-2024 16:08:21.099 INFORMAÇÕES [main] org.apache.openejb.config.AutoConfig.createContainer Auto-creating a container for bean virtuallab.Comp416427727: Container(type=MANAGED, id=Default Managed Container)
13-May-2024 16:08:21.099 INFORMAÇÕES [main] org.apache.openejb.assembler.classic.Assembler.createRecipe Creating Container(id=Default Managed Container)
13-May-2024 16:08:21.105 INFORMAÇÕES [main] org.apache.openejb.core.managed.SimplePassivater.init Using directory D:\fernando.projetos\virtual-lab\devframework\.distribution\apache-tomee\temp for stateful session passivation
13-May-2024 16:08:21.186 INFORMAÇÕES [main] org.apache.openejb.config.AppInfoBuilder.build Enterprise application "D:\fernando.projetos\virtual-lab\devframework\.distribution\apache-tomee\webapps\virtuallab" loaded.
13-May-2024 16:08:21.248 INFORMAÇÕES [main] org.apache.openejb.assembler.classic.Assembler.createApplication Assembling app: D:\fernando.projetos\virtual-lab\devframework\.distribution\apache-tomee\webapps\virtuallab
13-May-2024 16:08:21.399 INFORMAÇÕES [main] org.apache.openejb.assembler.classic.Assembler.createApplication Deployed Application(path=D:\fernando.projetos\virtual-lab\devframework\.distribution\apache-tomee\webapps\virtuallab)
13-May-2024 16:08:21.972 INFORMAÇÕES [main] org.apache.myfaces.ee.MyFacesContainerInitializer.onStartup Using org.apache.myfaces.ee.MyFacesContainerInitializer
13-May-2024 16:08:22.599 INFORMAÇÕES [main] org.apache.jasper.servlet.TldScanner.scanJars At least one JAR was scanned for TLDs yet contained no TLDs. Enable debug logging for this logger for a complete list of JARs that were scanned but no TLDs were found in them. Skipping unneeded JARs during scanning can improve startup time and JSP compilation time.
13-May-2024 16:08:27.130 INFORMAÇÕES [main] jdk.internal.reflect.DelegatingMethodAccessorImpl.invoke Deployment of web application archive [D:\fernando.projetos\virtual-lab\devframework\.distribution\apache-tomee\webapps\virtuallab.war] has finished in [13.511] ms
13-May-2024 16:08:27.198 INFORMAÇÕES [main] jdk.internal.reflect.DelegatingMethodAccessorImpl.invoke Starting ProtocolHandler ["http-nio-8080"]
13-May-2024 16:08:27.218 INFORMAÇÕES [main] jdk.internal.reflect.DelegatingMethodAccessorImpl.invoke Server startup in [13692] milliseconds
